{
  "stats": {
    "suites": 1,
    "tests": 15,
    "passes": 15,
    "pending": 0,
    "failures": 0,
    "start": "2019-05-12T23:04:39.483Z",
    "end": "2019-05-12T23:04:44.602Z",
    "duration": 5119,
    "testsRegistered": 15,
    "passPercent": 100,
    "pendingPercent": 0,
    "other": 0,
    "hasOther": false,
    "skipped": 0,
    "hasSkipped": false,
    "passPercentClass": "success",
    "pendingPercentClass": "danger"
  },
  "suites": {
    "uuid": "3523fd80-148f-4431-976a-7da2365a9e28",
    "title": "",
    "fullFile": "",
    "file": "",
    "beforeHooks": [],
    "afterHooks": [],
    "tests": [],
    "suites": [
      {
        "uuid": "6bbbf2c5-70c3-4092-95f2-bccb4b604995",
        "title": "Testes API Trello",
        "fullFile": "C:\\projetoTesteAPI\\test\\spec.js",
        "file": "\\test\\spec.js",
        "beforeHooks": [],
        "afterHooks": [],
        "tests": [
          {
            "title": "Criar novo quadro",
            "fullTitle": "Testes API Trello Criar novo quadro",
            "timedOut": false,
            "duration": 651,
            "state": "passed",
            "speed": "slow",
            "pass": true,
            "fail": false,
            "pending": false,
            "code": "request.post(\n  {url : urlBase + \"boards?name=\"+ nameBoard +\"&defaultLabels=true&defaultLists=false&keepFromSource=none&prefs_permissionLevel=private&prefs_voting=disabled&prefs_comments=members&prefs_invitations=members&prefs_selfJoin=true&prefs_cardCovers=true&prefs_background=blue&prefs_cardAging=regular&key=\"+keyUser+\"&token=\"+tokenUser},\n  function(error, response, body){   \n    var _body = {};\n    try{_body = JSON.parse(body);}\n    catch(e){_body = {};}\n    expect(response.statusCode).to.equal(200);\n    if( _body.should.have.property('id') ){\n               \n        idBoard = _body.id;\n        console.log(\"id board criado: \" + idBoard);\n    }\n    done(); \n  }\n);",
            "err": {},
            "isRoot": false,
            "uuid": "7b6e0d23-3d91-4c87-8746-5aa662670e5b",
            "isHook": false,
            "skipped": false
          },
          {
            "title": "Validar criação de quadro",
            "fullTitle": "Testes API Trello Validar criação de quadro",
            "timedOut": false,
            "duration": 286,
            "state": "passed",
            "speed": "slow",
            "pass": true,
            "fail": false,
            "pending": false,
            "code": "request.get({url : urlBase + \"boards/\"+idBoard+\"?actions=all&boardStars=none&cards=none&card_pluginData=false&checklists=none&customFields=false&fields=name%2Cdesc%2CdescData%2Cclosed%2CidOrganization%2Cpinned%2Curl%2CshortUrl%2Cprefs%2ClabelNames&lists=open&members=none&memberships=none&membersInvited=none&membersInvited_fields=all&pluginData=false&organization=false&organization_pluginData=false&myPrefs=false&tags=false&key=\"+keyUser+\"&token=\"+ tokenUser},\n  function(error, response, body){   \n    var _body = {};\n    try{_body = JSON.parse(body);}\n    catch(e){_body = {};}\n    expect(response.statusCode).to.equal(200);\n    if( _body.should.have.property('id') ){          \n    }\n    done();\n  }\n);",
            "err": {},
            "isRoot": false,
            "uuid": "a7746cf0-3872-4e78-a6f6-009cb2371c6f",
            "isHook": false,
            "skipped": false
          },
          {
            "title": "Adicionar lista Done",
            "fullTitle": "Testes API Trello Adicionar lista Done",
            "timedOut": false,
            "duration": 270,
            "state": "passed",
            "speed": "slow",
            "pass": true,
            "fail": false,
            "pending": false,
            "code": "request.post({url : urlBase + \"boards/\"+idBoard+\"/lists?name=Done&pos=top&key=\"+keyUser+\"&token=\"+tokenUser},\n  function(error, response, body){   \n    var _body = {};\n    try{_body = JSON.parse(body);}\n    catch(e){_body = {};}\n    expect(response.statusCode).to.equal(200);\n    if( _body.should.have.property('id') ){          \n      \n    }\n    done();\n  }\n);",
            "err": {},
            "isRoot": false,
            "uuid": "463131fe-1023-4b52-88ef-62291061c48b",
            "isHook": false,
            "skipped": false
          },
          {
            "title": "Adicionar lista Testing",
            "fullTitle": "Testes API Trello Adicionar lista Testing",
            "timedOut": false,
            "duration": 292,
            "state": "passed",
            "speed": "slow",
            "pass": true,
            "fail": false,
            "pending": false,
            "code": "request.post({url : urlBase + \"boards/\"+idBoard+\"/lists?name=Testing&pos=top&key=\"+keyUser+\"&token=\"+tokenUser},\n  function(error, response, body){   \n    var _body = {};\n    try{_body = JSON.parse(body);}\n    catch(e){_body = {};}\n    expect(response.statusCode).to.equal(200);\n    if( _body.should.have.property('id') ){          \n      \n    }\n    done();\n  }\n);",
            "err": {},
            "isRoot": false,
            "uuid": "626ef305-7e61-483a-bd84-80bd1cfa6491",
            "isHook": false,
            "skipped": false
          },
          {
            "title": "Adicionar lista In Progress",
            "fullTitle": "Testes API Trello Adicionar lista In Progress",
            "timedOut": false,
            "duration": 515,
            "state": "passed",
            "speed": "slow",
            "pass": true,
            "fail": false,
            "pending": false,
            "code": "request.post({url : urlBase + \"boards/\"+idBoard+\"/lists?name=In Progress&pos=top&key=\"+keyUser+\"&token=\"+tokenUser},\n  function(error, response, body){   \n    var _body = {};\n    try{_body = JSON.parse(body);}\n    catch(e){_body = {};}\n    expect(response.statusCode).to.equal(200);\n    if( _body.should.have.property('id') ){          \n      \n    }\n    done();\n  }\n);",
            "err": {},
            "isRoot": false,
            "uuid": "f3d829bd-8984-436b-b1a0-dd5fa38725fa",
            "isHook": false,
            "skipped": false
          },
          {
            "title": "Adicionar lista ToDo",
            "fullTitle": "Testes API Trello Adicionar lista ToDo",
            "timedOut": false,
            "duration": 288,
            "state": "passed",
            "speed": "slow",
            "pass": true,
            "fail": false,
            "pending": false,
            "code": "request.post({url : urlBase + \"boards/\"+idBoard+\"/lists?name=ToDo&pos=top&key=\"+keyUser+\"&token=\"+tokenUser},\n  function(error, response, body){   \n    var _body = {};\n    try{_body = JSON.parse(body);}\n    catch(e){_body = {};}\n    expect(response.statusCode).to.equal(200);\n    if( _body.should.have.property('id') ){          \n      \n    }\n    done();\n  }\n);",
            "err": {},
            "isRoot": false,
            "uuid": "ee30e9ad-1d38-45ed-85c6-bfad72cabd24",
            "isHook": false,
            "skipped": false
          },
          {
            "title": "Adicionar lista Backlog",
            "fullTitle": "Testes API Trello Adicionar lista Backlog",
            "timedOut": false,
            "duration": 269,
            "state": "passed",
            "speed": "slow",
            "pass": true,
            "fail": false,
            "pending": false,
            "code": "request.post({url : urlBase + \"boards/\"+idBoard+\"/lists?name=Backlog&pos=top&key=\"+keyUser+\"&token=\"+tokenUser},\n  function(error, response, body){   \n    var _body = {};\n    try{_body = JSON.parse(body);}\n    catch(e){_body = {};}\n    expect(response.statusCode).to.equal(200);\n    if( _body.should.have.property('id') ){          \n      \n    }\n    done();\n  }\n);",
            "err": {},
            "isRoot": false,
            "uuid": "edacd401-2648-4a17-975e-413d57cd60cc",
            "isHook": false,
            "skipped": false
          },
          {
            "title": "Validar criação de listas no quadro",
            "fullTitle": "Testes API Trello Validar criação de listas no quadro",
            "timedOut": false,
            "duration": 263,
            "state": "passed",
            "speed": "slow",
            "pass": true,
            "fail": false,
            "pending": false,
            "code": "request.get({url : urlBase + \"boards/\"+idBoard+\"/lists?cards=none&card_fields=all&filter=open&fields=all&key=\"+keyUser+\"&token=\"+tokenUser},\n  function(error, response, body){   \n    var _body = {};\n    try{_body = JSON.parse(body);}\n    catch(e){_body = {};}\n    expect(response.statusCode).to.equal(200);\n    backlogList = _body[0].id;\n    todoList = _body[1].id;\n    inprogressList = _body[2].id;\n    testingList = _body[3].id;\n    doneList = _body[4].id;\n    console.log(\"lists: \"+backlogList, todoList, inprogressList, testingList, doneList);\n    done();\n  }\n);",
            "err": {},
            "isRoot": false,
            "uuid": "c4fb6cde-0cd9-4b4e-a442-6b74204600dd",
            "isHook": false,
            "skipped": false
          },
          {
            "title": "Incluir novo card ",
            "fullTitle": "Testes API Trello Incluir novo card ",
            "timedOut": false,
            "duration": 316,
            "state": "passed",
            "speed": "slow",
            "pass": true,
            "fail": false,
            "pending": false,
            "code": "request.post({url : urlBase + \"cards?name=\"+cardName+\"&pos=top&idList=\"+backlogList+\"&keepFromSource=all&key=\"+keyUser+\"&token=\"+tokenUser},\n  function(error, response, body){   \n    var _body = {};\n    try{_body = JSON.parse(body);}\n    catch(e){_body = {};}\n    expect(response.statusCode).to.equal(200);\n    idCard = _body.id;   \n    console.log(\"id card \" + idCard)    \n    done();\n  }\n);",
            "err": {},
            "isRoot": false,
            "uuid": "04d31ed9-0703-44c6-a55d-fff5af679faa",
            "isHook": false,
            "skipped": false
          },
          {
            "title": "Alterar nome do card",
            "fullTitle": "Testes API Trello Alterar nome do card",
            "timedOut": false,
            "duration": 250,
            "state": "passed",
            "speed": "slow",
            "pass": true,
            "fail": false,
            "pending": false,
            "code": "request.put({url : urlBase + \"cards/\"+idCard+\"?name=\"+newCardName+\"&key=\"+keyUser+\"&token=\"+tokenUser},\n  function(error, response, body){   \n    var _body = {};\n    try{_body = JSON.parse(body);}\n    catch(e){_body = {};}\n    expect(response.statusCode).to.equal(200); \n    expect(_body.name).to.equal(newCardName); \n    done();\n  }\n);",
            "err": {},
            "isRoot": false,
            "uuid": "c7f4b45c-e4a5-4edf-b0c9-71e5c90e751d",
            "isHook": false,
            "skipped": false
          },
          {
            "title": "Mover card para ToDo",
            "fullTitle": "Testes API Trello Mover card para ToDo",
            "timedOut": false,
            "duration": 297,
            "state": "passed",
            "speed": "slow",
            "pass": true,
            "fail": false,
            "pending": false,
            "code": "request.put({url : urlBase + \"cards/\"+idCard+\"?idList=\"+todoList+\"&key=\"+keyUser+\"&token=\"+tokenUser},\n  function(error, response, body){   \n    var _body = {};\n    try{_body = JSON.parse(body);}\n    catch(e){_body = {};}\n    expect(response.statusCode).to.equal(200); \n    done();\n  }\n);",
            "err": {},
            "isRoot": false,
            "uuid": "baf81a58-70be-4895-ac47-3f33f55b52bd",
            "isHook": false,
            "skipped": false
          },
          {
            "title": "Mover card para In Progress",
            "fullTitle": "Testes API Trello Mover card para In Progress",
            "timedOut": false,
            "duration": 313,
            "state": "passed",
            "speed": "slow",
            "pass": true,
            "fail": false,
            "pending": false,
            "code": "request.put({url : urlBase + \"cards/\"+idCard+\"?idList=\"+inprogressList+\"&key=\"+keyUser+\"&token=\"+tokenUser},\n  function(error, response, body){   \n    var _body = {};\n    try{_body = JSON.parse(body);}\n    catch(e){_body = {};}\n    expect(response.statusCode).to.equal(200); \n    done();\n  }\n);",
            "err": {},
            "isRoot": false,
            "uuid": "0241f313-f5bc-4934-9fea-09006f6e8b8d",
            "isHook": false,
            "skipped": false
          },
          {
            "title": "Mover card para Testing",
            "fullTitle": "Testes API Trello Mover card para Testing",
            "timedOut": false,
            "duration": 337,
            "state": "passed",
            "speed": "slow",
            "pass": true,
            "fail": false,
            "pending": false,
            "code": "request.put({url : urlBase + \"cards/\"+idCard+\"?idList=\"+testingList+\"&key=\"+keyUser+\"&token=\"+tokenUser},\n  function(error, response, body){   \n    var _body = {};\n    try{_body = JSON.parse(body);}\n    catch(e){_body = {};}\n    expect(response.statusCode).to.equal(200); \n    done();\n  }\n);",
            "err": {},
            "isRoot": false,
            "uuid": "60c93672-17a3-4601-bb0e-418240a3b7c4",
            "isHook": false,
            "skipped": false
          },
          {
            "title": "Mover card para Done",
            "fullTitle": "Testes API Trello Mover card para Done",
            "timedOut": false,
            "duration": 335,
            "state": "passed",
            "speed": "slow",
            "pass": true,
            "fail": false,
            "pending": false,
            "code": "request.put({url : urlBase + \"cards/\"+idCard+\"?idList=\"+doneList+\"&key=\"+keyUser+\"&token=\"+tokenUser},\n  function(error, response, body){   \n    var _body = {};\n    try{_body = JSON.parse(body);}\n    catch(e){_body = {};}\n    expect(response.statusCode).to.equal(200); \n    done();\n  }\n);",
            "err": {},
            "isRoot": false,
            "uuid": "4e189d6d-9aff-4935-8913-a79fe97dc29c",
            "isHook": false,
            "skipped": false
          },
          {
            "title": "Excluir card",
            "fullTitle": "Testes API Trello Excluir card",
            "timedOut": false,
            "duration": 375,
            "state": "passed",
            "speed": "slow",
            "pass": true,
            "fail": false,
            "pending": false,
            "code": "request.delete({url : urlBase + \"boards/\"+idBoard+\"?key=\"+keyUser+\"&token=\"+tokenUser},\n  function(error, response, body){   \n    var _body = {};\n    try{_body = JSON.parse(body);}\n    catch(e){_body = {};}\n    expect(response.statusCode).to.equal(200); \n    done();\n  }\n);",
            "err": {},
            "isRoot": false,
            "uuid": "d4ac9f83-d0cc-4dc5-9215-ef9b8a7d0ec0",
            "isHook": false,
            "skipped": false
          }
        ],
        "suites": [],
        "passes": [
          "7b6e0d23-3d91-4c87-8746-5aa662670e5b",
          "a7746cf0-3872-4e78-a6f6-009cb2371c6f",
          "463131fe-1023-4b52-88ef-62291061c48b",
          "626ef305-7e61-483a-bd84-80bd1cfa6491",
          "f3d829bd-8984-436b-b1a0-dd5fa38725fa",
          "ee30e9ad-1d38-45ed-85c6-bfad72cabd24",
          "edacd401-2648-4a17-975e-413d57cd60cc",
          "c4fb6cde-0cd9-4b4e-a442-6b74204600dd",
          "04d31ed9-0703-44c6-a55d-fff5af679faa",
          "c7f4b45c-e4a5-4edf-b0c9-71e5c90e751d",
          "baf81a58-70be-4895-ac47-3f33f55b52bd",
          "0241f313-f5bc-4934-9fea-09006f6e8b8d",
          "60c93672-17a3-4601-bb0e-418240a3b7c4",
          "4e189d6d-9aff-4935-8913-a79fe97dc29c",
          "d4ac9f83-d0cc-4dc5-9215-ef9b8a7d0ec0"
        ],
        "failures": [],
        "pending": [],
        "skipped": [],
        "duration": 5057,
        "root": false,
        "rootEmpty": false,
        "_timeout": 2000
      }
    ],
    "passes": [],
    "failures": [],
    "pending": [],
    "skipped": [],
    "duration": 0,
    "root": true,
    "rootEmpty": true,
    "_timeout": 2000
  },
  "copyrightYear": 2019
}